2025/04/28 00:50:46 [notice] 1#1: using the "epoll" event method
2025/04/28 00:50:46 [notice] 1#1: nginx/1.27.5
2025/04/28 00:50:46 [notice] 1#1: built by gcc 12.2.0 (Debian 12.2.0-14) 
2025/04/28 00:50:46 [notice] 1#1: OS: Linux 5.15.153.1-microsoft-standard-WSL2
2025/04/28 00:50:46 [notice] 1#1: getrlimit(RLIMIT_NOFILE): 1048576:1048576
2025/04/28 00:50:46 [notice] 1#1: start worker processes
2025/04/28 00:50:46 [notice] 1#1: start worker process 21
2025/04/28 00:50:46 [notice] 1#1: start worker process 22
2025/04/28 00:50:46 [notice] 1#1: start worker process 23
2025/04/28 00:50:46 [notice] 1#1: start worker process 24
2025/04/28 00:50:46 [notice] 1#1: start worker process 25
2025/04/28 00:50:46 [notice] 1#1: start worker process 26
2025/04/28 00:50:46 [notice] 1#1: start worker process 27
2025/04/28 00:50:46 [notice] 1#1: start worker process 28
2025/04/28 00:50:46 [notice] 1#1: start worker process 29
2025/04/28 00:50:46 [notice] 1#1: start worker process 30
2025/04/28 00:50:46 [notice] 1#1: start worker process 31
2025/04/28 00:50:46 [notice] 1#1: start worker process 32
2025/04/28 00:52:50 [notice] 1#1: signal 3 (SIGQUIT) received, shutting down
2025/04/28 00:52:50 [notice] 21#21: gracefully shutting down
2025/04/28 00:52:50 [notice] 22#22: gracefully shutting down
2025/04/28 00:52:50 [notice] 23#23: gracefully shutting down
2025/04/28 00:52:50 [notice] 24#24: gracefully shutting down
2025/04/28 00:52:50 [notice] 25#25: gracefully shutting down
2025/04/28 00:52:50 [notice] 26#26: gracefully shutting down
2025/04/28 00:52:50 [notice] 27#27: gracefully shutting down
2025/04/28 00:52:50 [notice] 29#29: gracefully shutting down
2025/04/28 00:52:50 [notice] 28#28: gracefully shutting down
2025/04/28 00:52:50 [notice] 30#30: gracefully shutting down
2025/04/28 00:52:50 [notice] 31#31: gracefully shutting down
2025/04/28 00:52:50 [notice] 32#32: gracefully shutting down
2025/04/28 00:52:50 [notice] 21#21: exiting
2025/04/28 00:52:50 [notice] 22#22: exiting
2025/04/28 00:52:50 [notice] 23#23: exiting
2025/04/28 00:52:50 [notice] 24#24: exiting
2025/04/28 00:52:50 [notice] 25#25: exiting
2025/04/28 00:52:50 [notice] 26#26: exiting
2025/04/28 00:52:50 [notice] 27#27: exiting
2025/04/28 00:52:50 [notice] 29#29: exiting
2025/04/28 00:52:50 [notice] 28#28: exiting
2025/04/28 00:52:50 [notice] 30#30: exiting
2025/04/28 00:52:50 [notice] 31#31: exiting
2025/04/28 00:52:50 [notice] 32#32: exiting
2025/04/28 00:52:50 [notice] 21#21: exit
2025/04/28 00:52:50 [notice] 22#22: exit
2025/04/28 00:52:50 [notice] 23#23: exit
2025/04/28 00:52:50 [notice] 24#24: exit
2025/04/28 00:52:50 [notice] 25#25: exit
2025/04/28 00:52:50 [notice] 26#26: exit
2025/04/28 00:52:50 [notice] 27#27: exit
2025/04/28 00:52:50 [notice] 29#29: exit
2025/04/28 00:52:50 [notice] 28#28: exit
2025/04/28 00:52:50 [notice] 30#30: exit
2025/04/28 00:52:50 [notice] 31#31: exit
2025/04/28 00:52:50 [notice] 32#32: exit
2025/04/28 00:52:50 [notice] 1#1: signal 17 (SIGCHLD) received from 23
2025/04/28 00:52:50 [notice] 1#1: worker process 21 exited with code 0
2025/04/28 00:52:50 [notice] 1#1: worker process 23 exited with code 0
2025/04/28 00:52:50 [notice] 1#1: worker process 26 exited with code 0
2025/04/28 00:52:50 [notice] 1#1: worker process 29 exited with code 0
2025/04/28 00:52:50 [notice] 1#1: worker process 32 exited with code 0
2025/04/28 00:52:50 [notice] 1#1: signal 29 (SIGIO) received
2025/04/28 00:52:50 [notice] 1#1: signal 17 (SIGCHLD) received from 21
2025/04/28 00:52:50 [notice] 1#1: signal 17 (SIGCHLD) received from 24
2025/04/28 00:52:50 [notice] 1#1: worker process 22 exited with code 0
2025/04/28 00:52:50 [notice] 1#1: worker process 24 exited with code 0
2025/04/28 00:52:50 [notice] 1#1: worker process 25 exited with code 0
2025/04/28 00:52:50 [notice] 1#1: worker process 28 exited with code 0
2025/04/28 00:52:50 [notice] 1#1: worker process 30 exited with code 0
2025/04/28 00:52:50 [notice] 1#1: worker process 31 exited with code 0
2025/04/28 00:52:50 [notice] 1#1: signal 29 (SIGIO) received
2025/04/28 00:52:50 [notice] 1#1: signal 17 (SIGCHLD) received from 25
2025/04/28 00:52:50 [notice] 1#1: signal 17 (SIGCHLD) received from 27
2025/04/28 00:52:50 [notice] 1#1: worker process 27 exited with code 0
2025/04/28 00:52:50 [notice] 1#1: exit
2025/04/28 00:53:15 [notice] 1#1: using the "epoll" event method
2025/04/28 00:53:15 [notice] 1#1: nginx/1.27.5
2025/04/28 00:53:15 [notice] 1#1: built by gcc 12.2.0 (Debian 12.2.0-14) 
2025/04/28 00:53:15 [notice] 1#1: OS: Linux 5.15.153.1-microsoft-standard-WSL2
2025/04/28 00:53:15 [notice] 1#1: getrlimit(RLIMIT_NOFILE): 1048576:1048576
2025/04/28 00:53:15 [notice] 1#1: start worker processes
2025/04/28 00:53:15 [notice] 1#1: start worker process 21
2025/04/28 00:53:15 [notice] 1#1: start worker process 22
2025/04/28 00:53:15 [notice] 1#1: start worker process 23
2025/04/28 00:53:15 [notice] 1#1: start worker process 24
2025/04/28 00:53:15 [notice] 1#1: start worker process 25
2025/04/28 00:53:15 [notice] 1#1: start worker process 26
2025/04/28 00:53:15 [notice] 1#1: start worker process 27
2025/04/28 00:53:15 [notice] 1#1: start worker process 28
2025/04/28 00:53:15 [notice] 1#1: start worker process 29
2025/04/28 00:53:15 [notice] 1#1: start worker process 30
2025/04/28 00:53:15 [notice] 1#1: start worker process 31
2025/04/28 00:53:15 [notice] 1#1: start worker process 32
2025/04/28 00:54:01 [notice] 1#1: signal 3 (SIGQUIT) received, shutting down
2025/04/28 00:54:01 [notice] 21#21: gracefully shutting down
2025/04/28 00:54:01 [notice] 22#22: gracefully shutting down
2025/04/28 00:54:01 [notice] 23#23: gracefully shutting down
2025/04/28 00:54:01 [notice] 24#24: gracefully shutting down
2025/04/28 00:54:01 [notice] 25#25: gracefully shutting down
2025/04/28 00:54:01 [notice] 26#26: gracefully shutting down
2025/04/28 00:54:01 [notice] 27#27: gracefully shutting down
2025/04/28 00:54:01 [notice] 28#28: gracefully shutting down
2025/04/28 00:54:01 [notice] 28#28: exiting
2025/04/28 00:54:01 [notice] 30#30: gracefully shutting down
2025/04/28 00:54:01 [notice] 29#29: gracefully shutting down
2025/04/28 00:54:01 [notice] 31#31: gracefully shutting down
2025/04/28 00:54:01 [notice] 32#32: gracefully shutting down
2025/04/28 00:54:01 [notice] 21#21: exiting
2025/04/28 00:54:01 [notice] 23#23: exiting
2025/04/28 00:54:01 [notice] 24#24: exiting
2025/04/28 00:54:01 [notice] 25#25: exiting
2025/04/28 00:54:01 [notice] 26#26: exiting
2025/04/28 00:54:01 [notice] 27#27: exiting
2025/04/28 00:54:01 [notice] 28#28: exit
2025/04/28 00:54:01 [notice] 30#30: exiting
2025/04/28 00:54:01 [notice] 29#29: exiting
2025/04/28 00:54:01 [notice] 31#31: exiting
2025/04/28 00:54:01 [notice] 32#32: exiting
2025/04/28 00:54:01 [notice] 21#21: exit
2025/04/28 00:54:01 [notice] 23#23: exit
2025/04/28 00:54:01 [notice] 24#24: exit
2025/04/28 00:54:01 [notice] 25#25: exit
2025/04/28 00:54:01 [notice] 26#26: exit
2025/04/28 00:54:01 [notice] 27#27: exit
2025/04/28 00:54:01 [notice] 30#30: exit
2025/04/28 00:54:01 [notice] 29#29: exit
2025/04/28 00:54:01 [notice] 31#31: exit
2025/04/28 00:54:01 [notice] 32#32: exit
2025/04/28 00:54:01 [notice] 1#1: signal 17 (SIGCHLD) received from 25
2025/04/28 00:54:01 [notice] 1#1: worker process 21 exited with code 0
2025/04/28 00:54:01 [notice] 1#1: worker process 25 exited with code 0
2025/04/28 00:54:01 [notice] 1#1: worker process 26 exited with code 0
2025/04/28 00:54:01 [notice] 1#1: worker process 28 exited with code 0
2025/04/28 00:54:01 [notice] 1#1: worker process 29 exited with code 0
2025/04/28 00:54:01 [notice] 1#1: worker process 30 exited with code 0
2025/04/28 00:54:01 [notice] 1#1: worker process 32 exited with code 0
2025/04/28 00:54:01 [notice] 1#1: signal 29 (SIGIO) received
2025/04/28 00:54:01 [notice] 1#1: signal 17 (SIGCHLD) received from 30
2025/04/28 00:54:01 [notice] 1#1: signal 17 (SIGCHLD) received from 27
2025/04/28 00:54:01 [notice] 1#1: worker process 23 exited with code 0
2025/04/28 00:54:01 [notice] 1#1: worker process 27 exited with code 0
2025/04/28 00:54:01 [notice] 1#1: signal 29 (SIGIO) received
2025/04/28 00:54:02 [notice] 1#1: signal 17 (SIGCHLD) received from 24
2025/04/28 00:54:02 [notice] 1#1: worker process 24 exited with code 0
2025/04/28 00:54:02 [notice] 1#1: worker process 31 exited with code 0
2025/04/28 00:54:02 [notice] 1#1: signal 29 (SIGIO) received
2025/04/28 00:54:02 [notice] 1#1: signal 17 (SIGCHLD) received from 31
2025/05/04 23:09:52 [notice] 1#1: using the "epoll" event method
2025/05/04 23:09:52 [notice] 1#1: nginx/1.27.5
2025/05/04 23:09:52 [notice] 1#1: built by gcc 12.2.0 (Debian 12.2.0-14) 
2025/05/04 23:09:52 [notice] 1#1: OS: Linux 5.15.153.1-microsoft-standard-WSL2
2025/05/04 23:09:52 [notice] 1#1: getrlimit(RLIMIT_NOFILE): 1048576:1048576
2025/05/04 23:09:52 [notice] 1#1: start worker processes
2025/05/04 23:09:52 [notice] 1#1: start worker process 21
2025/05/04 23:09:52 [notice] 1#1: start worker process 22
2025/05/04 23:09:52 [notice] 1#1: start worker process 23
2025/05/04 23:09:52 [notice] 1#1: start worker process 24
2025/05/04 23:09:52 [notice] 1#1: start worker process 25
2025/05/04 23:09:52 [notice] 1#1: start worker process 26
2025/05/04 23:09:52 [notice] 1#1: start worker process 27
2025/05/04 23:09:52 [notice] 1#1: start worker process 28
2025/05/04 23:09:52 [notice] 1#1: start worker process 29
2025/05/04 23:09:52 [notice] 1#1: start worker process 30
2025/05/04 23:09:52 [notice] 1#1: start worker process 31
2025/05/04 23:09:52 [notice] 1#1: start worker process 32
2025/05/04 23:09:59 [notice] 1#1: signal 3 (SIGQUIT) received, shutting down
2025/05/04 23:09:59 [notice] 21#21: gracefully shutting down
2025/05/04 23:09:59 [notice] 22#22: gracefully shutting down
2025/05/04 23:09:59 [notice] 23#23: gracefully shutting down
2025/05/04 23:09:59 [notice] 26#26: gracefully shutting down
2025/05/04 23:09:59 [notice] 24#24: gracefully shutting down
2025/05/04 23:09:59 [notice] 25#25: gracefully shutting down
2025/05/04 23:09:59 [notice] 25#25: exiting
2025/05/04 23:09:59 [notice] 27#27: gracefully shutting down
2025/05/04 23:09:59 [notice] 28#28: gracefully shutting down
2025/05/04 23:09:59 [notice] 29#29: gracefully shutting down
2025/05/04 23:09:59 [notice] 30#30: gracefully shutting down
2025/05/04 23:09:59 [notice] 31#31: gracefully shutting down
2025/05/04 23:09:59 [notice] 32#32: gracefully shutting down
2025/05/04 23:09:59 [notice] 21#21: exiting
2025/05/04 23:09:59 [notice] 22#22: exiting
2025/05/04 23:09:59 [notice] 23#23: exiting
2025/05/04 23:09:59 [notice] 26#26: exiting
2025/05/04 23:09:59 [notice] 24#24: exiting
2025/05/04 23:09:59 [notice] 25#25: exit
2025/05/04 23:09:59 [notice] 27#27: exiting
2025/05/04 23:09:59 [notice] 28#28: exiting
2025/05/04 23:09:59 [notice] 29#29: exiting
2025/05/04 23:09:59 [notice] 30#30: exiting
2025/05/04 23:09:59 [notice] 31#31: exiting
2025/05/04 23:09:59 [notice] 32#32: exiting
2025/05/04 23:09:59 [notice] 21#21: exit
2025/05/04 23:09:59 [notice] 22#22: exit
2025/05/04 23:09:59 [notice] 23#23: exit
2025/05/04 23:09:59 [notice] 26#26: exit
2025/05/04 23:09:59 [notice] 24#24: exit
2025/05/04 23:09:59 [notice] 27#27: exit
2025/05/04 23:09:59 [notice] 28#28: exit
2025/05/04 23:09:59 [notice] 29#29: exit
2025/05/04 23:09:59 [notice] 30#30: exit
2025/05/04 23:09:59 [notice] 31#31: exit
2025/05/04 23:09:59 [notice] 32#32: exit
2025/05/04 23:09:59 [notice] 1#1: signal 17 (SIGCHLD) received from 23
2025/05/04 23:09:59 [notice] 1#1: worker process 21 exited with code 0
2025/05/04 23:09:59 [notice] 1#1: worker process 22 exited with code 0
2025/05/04 23:09:59 [notice] 1#1: worker process 23 exited with code 0
2025/05/04 23:09:59 [notice] 1#1: worker process 24 exited with code 0
2025/05/04 23:09:59 [notice] 1#1: worker process 28 exited with code 0
2025/05/04 23:09:59 [notice] 1#1: worker process 29 exited with code 0
2025/05/04 23:09:59 [notice] 1#1: worker process 30 exited with code 0
2025/05/04 23:09:59 [notice] 1#1: worker process 32 exited with code 0
2025/05/04 23:09:59 [notice] 1#1: signal 29 (SIGIO) received
2025/05/04 23:09:59 [notice] 1#1: signal 17 (SIGCHLD) received from 32
2025/05/04 23:09:59 [notice] 1#1: signal 17 (SIGCHLD) received from 31
2025/05/04 23:09:59 [notice] 1#1: worker process 27 exited with code 0
2025/05/04 23:09:59 [notice] 1#1: worker process 31 exited with code 0
2025/05/04 23:09:59 [notice] 1#1: signal 29 (SIGIO) received
2025/05/04 23:09:59 [notice] 1#1: signal 17 (SIGCHLD) received from 26
2025/05/04 23:09:59 [notice] 1#1: worker process 25 exited with code 0
2025/05/04 23:09:59 [notice] 1#1: worker process 26 exited with code 0
2025/05/04 23:09:59 [notice] 1#1: exit
2025/05/04 23:10:43 [notice] 1#1: using the "epoll" event method
2025/05/04 23:10:43 [notice] 1#1: nginx/1.27.5
2025/05/04 23:10:43 [notice] 1#1: built by gcc 12.2.0 (Debian 12.2.0-14) 
2025/05/04 23:10:43 [notice] 1#1: OS: Linux 5.15.153.1-microsoft-standard-WSL2
2025/05/04 23:10:43 [notice] 1#1: getrlimit(RLIMIT_NOFILE): 1048576:1048576
2025/05/04 23:10:43 [notice] 1#1: start worker processes
2025/05/04 23:10:43 [notice] 1#1: start worker process 21
2025/05/04 23:10:43 [notice] 1#1: start worker process 22
2025/05/04 23:10:43 [notice] 1#1: start worker process 23
2025/05/04 23:10:43 [notice] 1#1: start worker process 24
2025/05/04 23:10:43 [notice] 1#1: start worker process 25
2025/05/04 23:10:43 [notice] 1#1: start worker process 26
2025/05/04 23:10:43 [notice] 1#1: start worker process 27
2025/05/04 23:10:43 [notice] 1#1: start worker process 28
2025/05/04 23:10:43 [notice] 1#1: start worker process 29
2025/05/04 23:10:43 [notice] 1#1: start worker process 30
2025/05/04 23:10:43 [notice] 1#1: start worker process 31
2025/05/04 23:10:43 [notice] 1#1: start worker process 32
2025/05/04 23:10:47 [notice] 1#1: signal 3 (SIGQUIT) received, shutting down
2025/05/04 23:10:47 [notice] 21#21: gracefully shutting down
2025/05/04 23:10:47 [notice] 32#32: gracefully shutting down
2025/05/04 23:10:47 [notice] 22#22: gracefully shutting down
2025/05/04 23:10:47 [notice] 23#23: gracefully shutting down
2025/05/04 23:10:47 [notice] 24#24: gracefully shutting down
2025/05/04 23:10:47 [notice] 25#25: gracefully shutting down
2025/05/04 23:10:47 [notice] 26#26: gracefully shutting down
2025/05/04 23:10:47 [notice] 27#27: gracefully shutting down
2025/05/04 23:10:47 [notice] 28#28: gracefully shutting down
2025/05/04 23:10:47 [notice] 29#29: gracefully shutting down
2025/05/04 23:10:47 [notice] 30#30: gracefully shutting down
2025/05/04 23:10:47 [notice] 31#31: gracefully shutting down
2025/05/04 23:10:47 [notice] 21#21: exiting
2025/05/04 23:10:47 [notice] 32#32: exiting
2025/05/04 23:10:47 [notice] 22#22: exiting
2025/05/04 23:10:47 [notice] 23#23: exiting
2025/05/04 23:10:47 [notice] 24#24: exiting
2025/05/04 23:10:47 [notice] 25#25: exiting
2025/05/04 23:10:47 [notice] 26#26: exiting
2025/05/04 23:10:47 [notice] 27#27: exiting
2025/05/04 23:10:47 [notice] 28#28: exiting
2025/05/04 23:10:47 [notice] 29#29: exiting
2025/05/04 23:10:47 [notice] 30#30: exiting
2025/05/04 23:10:47 [notice] 31#31: exiting
2025/05/04 23:10:47 [notice] 21#21: exit
2025/05/04 23:10:47 [notice] 32#32: exit
2025/05/04 23:10:47 [notice] 22#22: exit
2025/05/04 23:10:47 [notice] 23#23: exit
2025/05/04 23:10:47 [notice] 24#24: exit
2025/05/04 23:10:47 [notice] 25#25: exit
2025/05/04 23:10:47 [notice] 26#26: exit
2025/05/04 23:10:47 [notice] 27#27: exit
2025/05/04 23:10:47 [notice] 28#28: exit
2025/05/04 23:10:47 [notice] 29#29: exit
2025/05/04 23:10:47 [notice] 30#30: exit
2025/05/04 23:10:47 [notice] 31#31: exit
2025/05/04 23:10:47 [notice] 1#1: signal 17 (SIGCHLD) received from 32
2025/05/04 23:10:47 [notice] 1#1: worker process 21 exited with code 0
2025/05/04 23:10:47 [notice] 1#1: worker process 23 exited with code 0
2025/05/04 23:10:47 [notice] 1#1: worker process 24 exited with code 0
2025/05/04 23:10:47 [notice] 1#1: worker process 25 exited with code 0
2025/05/04 23:10:47 [notice] 1#1: worker process 26 exited with code 0
2025/05/04 23:10:47 [notice] 1#1: worker process 27 exited with code 0
2025/05/04 23:10:47 [notice] 1#1: worker process 29 exited with code 0
2025/05/04 23:10:47 [notice] 1#1: worker process 31 exited with code 0
2025/05/04 23:10:47 [notice] 1#1: worker process 32 exited with code 0
2025/05/04 23:10:47 [notice] 1#1: signal 29 (SIGIO) received
2025/05/04 23:10:47 [notice] 1#1: signal 17 (SIGCHLD) received from 29
2025/05/04 23:10:47 [notice] 1#1: signal 17 (SIGCHLD) received from 30
2025/05/04 23:10:47 [notice] 1#1: worker process 22 exited with code 0
2025/05/04 23:10:47 [notice] 1#1: worker process 30 exited with code 0
2025/05/04 23:10:47 [notice] 1#1: signal 29 (SIGIO) received
2025/05/04 23:10:47 [notice] 1#1: signal 17 (SIGCHLD) received from 28
2025/05/04 23:10:47 [notice] 1#1: worker process 28 exited with code 0
2025/05/04 23:10:47 [notice] 1#1: exit
2025/05/04 23:23:55 [notice] 1#1: using the "epoll" event method
2025/05/04 23:23:55 [notice] 1#1: nginx/1.27.5
2025/05/04 23:23:55 [notice] 1#1: built by gcc 12.2.0 (Debian 12.2.0-14) 
2025/05/04 23:23:55 [notice] 1#1: OS: Linux 5.15.153.1-microsoft-standard-WSL2
2025/05/04 23:23:55 [notice] 1#1: getrlimit(RLIMIT_NOFILE): 1048576:1048576
2025/05/04 23:23:55 [notice] 1#1: start worker processes
2025/05/04 23:23:55 [notice] 1#1: start worker process 21
2025/05/04 23:23:55 [notice] 1#1: start worker process 22
2025/05/04 23:23:55 [notice] 1#1: start worker process 23
2025/05/04 23:23:55 [notice] 1#1: start worker process 24
2025/05/04 23:23:55 [notice] 1#1: start worker process 25
2025/05/04 23:23:55 [notice] 1#1: start worker process 26
2025/05/04 23:23:55 [notice] 1#1: start worker process 27
2025/05/04 23:23:55 [notice] 1#1: start worker process 28
2025/05/04 23:23:55 [notice] 1#1: start worker process 29
2025/05/04 23:23:55 [notice] 1#1: start worker process 30
2025/05/04 23:23:55 [notice] 1#1: start worker process 31
2025/05/04 23:23:55 [notice] 1#1: start worker process 32
2025/05/04 23:23:57 [notice] 1#1: signal 3 (SIGQUIT) received, shutting down
2025/05/04 23:23:57 [notice] 21#21: gracefully shutting down
2025/05/04 23:23:57 [notice] 22#22: gracefully shutting down
2025/05/04 23:23:57 [notice] 24#24: gracefully shutting down
2025/05/04 23:23:57 [notice] 25#25: gracefully shutting down
2025/05/04 23:23:57 [notice] 23#23: gracefully shutting down
2025/05/04 23:23:57 [notice] 26#26: gracefully shutting down
2025/05/04 23:23:57 [notice] 27#27: gracefully shutting down
2025/05/04 23:23:57 [notice] 28#28: gracefully shutting down
2025/05/04 23:23:57 [notice] 29#29: gracefully shutting down
2025/05/04 23:23:57 [notice] 30#30: gracefully shutting down
2025/05/04 23:23:57 [notice] 31#31: gracefully shutting down
2025/05/04 23:23:57 [notice] 32#32: gracefully shutting down
2025/05/04 23:23:57 [notice] 21#21: exiting
2025/05/04 23:23:57 [notice] 22#22: exiting
2025/05/04 23:23:57 [notice] 24#24: exiting
2025/05/04 23:23:57 [notice] 25#25: exiting
2025/05/04 23:23:57 [notice] 23#23: exiting
2025/05/04 23:23:57 [notice] 26#26: exiting
2025/05/04 23:23:57 [notice] 27#27: exiting
2025/05/04 23:23:57 [notice] 28#28: exiting
2025/05/04 23:23:57 [notice] 29#29: exiting
2025/05/04 23:23:57 [notice] 30#30: exiting
2025/05/04 23:23:57 [notice] 31#31: exiting
2025/05/04 23:23:57 [notice] 32#32: exiting
2025/05/04 23:23:57 [notice] 21#21: exit
2025/05/04 23:23:57 [notice] 22#22: exit
2025/05/04 23:23:57 [notice] 24#24: exit
2025/05/04 23:23:57 [notice] 25#25: exit
2025/05/04 23:23:57 [notice] 23#23: exit
2025/05/04 23:23:57 [notice] 26#26: exit
2025/05/04 23:23:57 [notice] 27#27: exit
2025/05/04 23:23:57 [notice] 28#28: exit
2025/05/04 23:23:57 [notice] 29#29: exit
2025/05/04 23:23:57 [notice] 30#30: exit
2025/05/04 23:23:57 [notice] 31#31: exit
2025/05/04 23:23:57 [notice] 32#32: exit
2025/05/04 23:23:57 [notice] 1#1: signal 17 (SIGCHLD) received from 30
2025/05/04 23:23:57 [notice] 1#1: worker process 21 exited with code 0
2025/05/04 23:23:57 [notice] 1#1: worker process 23 exited with code 0
2025/05/04 23:23:57 [notice] 1#1: worker process 24 exited with code 0
2025/05/04 23:23:57 [notice] 1#1: worker process 26 exited with code 0
2025/05/04 23:23:57 [notice] 1#1: worker process 30 exited with code 0
2025/05/04 23:23:57 [notice] 1#1: worker process 31 exited with code 0
2025/05/04 23:23:57 [notice] 1#1: signal 29 (SIGIO) received
2025/05/04 23:23:57 [notice] 1#1: signal 17 (SIGCHLD) received from 23
2025/05/04 23:23:57 [notice] 1#1: signal 17 (SIGCHLD) received from 27
2025/05/04 23:23:57 [notice] 1#1: worker process 27 exited with code 0
2025/05/04 23:23:57 [notice] 1#1: signal 29 (SIGIO) received
2025/05/04 23:23:57 [notice] 1#1: signal 17 (SIGCHLD) received from 22
2025/05/04 23:23:57 [notice] 1#1: worker process 22 exited with code 0
2025/05/04 23:23:57 [notice] 1#1: worker process 25 exited with code 0
2025/05/04 23:23:57 [notice] 1#1: worker process 28 exited with code 0
2025/05/04 23:23:57 [notice] 1#1: worker process 29 exited with code 0
2025/05/04 23:23:57 [notice] 1#1: worker process 32 exited with code 0
2025/05/04 23:23:57 [notice] 1#1: exit
2025/05/04 23:32:26 [notice] 1#1: using the "epoll" event method
2025/05/04 23:32:26 [notice] 1#1: nginx/1.27.5
2025/05/04 23:32:26 [notice] 1#1: built by gcc 12.2.0 (Debian 12.2.0-14) 
2025/05/04 23:32:26 [notice] 1#1: OS: Linux 5.15.153.1-microsoft-standard-WSL2
2025/05/04 23:32:26 [notice] 1#1: getrlimit(RLIMIT_NOFILE): 1048576:1048576
2025/05/04 23:32:26 [notice] 1#1: start worker processes
2025/05/04 23:32:26 [notice] 1#1: start worker process 21
2025/05/04 23:32:26 [notice] 1#1: start worker process 22
2025/05/04 23:32:26 [notice] 1#1: start worker process 23
2025/05/04 23:32:26 [notice] 1#1: start worker process 24
2025/05/04 23:32:26 [notice] 1#1: start worker process 25
2025/05/04 23:32:26 [notice] 1#1: start worker process 26
2025/05/04 23:32:26 [notice] 1#1: start worker process 27
2025/05/04 23:32:26 [notice] 1#1: start worker process 28
2025/05/04 23:32:26 [notice] 1#1: start worker process 29
2025/05/04 23:32:26 [notice] 1#1: start worker process 30
2025/05/04 23:32:26 [notice] 1#1: start worker process 31
2025/05/04 23:32:26 [notice] 1#1: start worker process 32
2025/05/04 23:32:27 [notice] 1#1: signal 3 (SIGQUIT) received, shutting down
2025/05/04 23:32:27 [notice] 21#21: gracefully shutting down
2025/05/04 23:32:27 [notice] 32#32: gracefully shutting down
2025/05/04 23:32:27 [notice] 22#22: gracefully shutting down
2025/05/04 23:32:27 [notice] 23#23: gracefully shutting down
2025/05/04 23:32:27 [notice] 24#24: gracefully shutting down
2025/05/04 23:32:27 [notice] 25#25: gracefully shutting down
2025/05/04 23:32:27 [notice] 26#26: gracefully shutting down
2025/05/04 23:32:27 [notice] 27#27: gracefully shutting down
2025/05/04 23:32:27 [notice] 28#28: gracefully shutting down
2025/05/04 23:32:27 [notice] 29#29: gracefully shutting down
2025/05/04 23:32:27 [notice] 30#30: gracefully shutting down
2025/05/04 23:32:27 [notice] 31#31: gracefully shutting down
2025/05/04 23:32:27 [notice] 21#21: exiting
2025/05/04 23:32:27 [notice] 32#32: exiting
2025/05/04 23:32:27 [notice] 22#22: exiting
2025/05/04 23:32:27 [notice] 23#23: exiting
2025/05/04 23:32:27 [notice] 24#24: exiting
2025/05/04 23:32:27 [notice] 25#25: exiting
2025/05/04 23:32:27 [notice] 26#26: exiting
2025/05/04 23:32:27 [notice] 27#27: exiting
2025/05/04 23:32:27 [notice] 28#28: exiting
2025/05/04 23:32:27 [notice] 29#29: exiting
2025/05/04 23:32:27 [notice] 30#30: exiting
2025/05/04 23:32:27 [notice] 31#31: exiting
2025/05/04 23:32:27 [notice] 21#21: exit
2025/05/04 23:32:27 [notice] 32#32: exit
2025/05/04 23:32:27 [notice] 22#22: exit
2025/05/04 23:32:27 [notice] 23#23: exit
2025/05/04 23:32:27 [notice] 24#24: exit
2025/05/04 23:32:27 [notice] 25#25: exit
2025/05/04 23:32:27 [notice] 26#26: exit
2025/05/04 23:32:27 [notice] 27#27: exit
2025/05/04 23:32:27 [notice] 28#28: exit
2025/05/04 23:32:27 [notice] 29#29: exit
2025/05/04 23:32:27 [notice] 30#30: exit
2025/05/04 23:32:27 [notice] 31#31: exit
2025/05/04 23:32:27 [notice] 1#1: signal 17 (SIGCHLD) received from 22
2025/05/04 23:32:27 [notice] 1#1: worker process 22 exited with code 0
2025/05/04 23:32:27 [notice] 1#1: worker process 23 exited with code 0
2025/05/04 23:32:27 [notice] 1#1: worker process 26 exited with code 0
2025/05/04 23:32:27 [notice] 1#1: worker process 28 exited with code 0
2025/05/04 23:32:27 [notice] 1#1: worker process 31 exited with code 0
2025/05/04 23:32:27 [notice] 1#1: signal 29 (SIGIO) received
2025/05/04 23:32:27 [notice] 1#1: signal 17 (SIGCHLD) received from 27
2025/05/04 23:32:27 [notice] 1#1: worker process 21 exited with code 0
2025/05/04 23:32:27 [notice] 1#1: worker process 27 exited with code 0
2025/05/04 23:32:27 [notice] 1#1: worker process 30 exited with code 0
2025/05/04 23:32:27 [notice] 1#1: worker process 32 exited with code 0
2025/05/04 23:32:27 [notice] 1#1: signal 29 (SIGIO) received
2025/05/04 23:32:27 [notice] 1#1: signal 17 (SIGCHLD) received from 29
2025/05/04 23:32:27 [notice] 1#1: worker process 29 exited with code 0
2025/05/04 23:32:27 [notice] 1#1: signal 29 (SIGIO) received
2025/05/04 23:32:27 [notice] 1#1: signal 17 (SIGCHLD) received from 25
2025/05/04 23:32:27 [notice] 1#1: worker process 24 exited with code 0
2025/05/04 23:32:27 [notice] 1#1: worker process 25 exited with code 0
2025/05/04 23:32:27 [notice] 1#1: exit
2025/05/04 23:39:08 [notice] 1#1: using the "epoll" event method
2025/05/04 23:39:08 [notice] 1#1: nginx/1.27.5
2025/05/04 23:39:08 [notice] 1#1: built by gcc 12.2.0 (Debian 12.2.0-14) 
2025/05/04 23:39:08 [notice] 1#1: OS: Linux 5.15.153.1-microsoft-standard-WSL2
2025/05/04 23:39:08 [notice] 1#1: getrlimit(RLIMIT_NOFILE): 1048576:1048576
2025/05/04 23:39:08 [notice] 1#1: start worker processes
2025/05/04 23:39:08 [notice] 1#1: start worker process 21
2025/05/04 23:39:08 [notice] 1#1: start worker process 22
2025/05/04 23:39:08 [notice] 1#1: start worker process 23
2025/05/04 23:39:08 [notice] 1#1: start worker process 24
2025/05/04 23:39:08 [notice] 1#1: start worker process 25
2025/05/04 23:39:08 [notice] 1#1: start worker process 26
2025/05/04 23:39:08 [notice] 1#1: start worker process 27
2025/05/04 23:39:08 [notice] 1#1: start worker process 28
2025/05/04 23:39:08 [notice] 1#1: start worker process 29
2025/05/04 23:39:08 [notice] 1#1: start worker process 30
2025/05/04 23:39:08 [notice] 1#1: start worker process 31
2025/05/04 23:39:08 [notice] 1#1: start worker process 32
2025/05/04 23:39:10 [notice] 1#1: signal 3 (SIGQUIT) received, shutting down
2025/05/04 23:39:10 [notice] 21#21: gracefully shutting down
2025/05/04 23:39:10 [notice] 23#23: gracefully shutting down
2025/05/04 23:39:10 [notice] 22#22: gracefully shutting down
2025/05/04 23:39:10 [notice] 24#24: gracefully shutting down
2025/05/04 23:39:10 [notice] 25#25: gracefully shutting down
2025/05/04 23:39:10 [notice] 26#26: gracefully shutting down
2025/05/04 23:39:10 [notice] 27#27: gracefully shutting down
2025/05/04 23:39:10 [notice] 28#28: gracefully shutting down
2025/05/04 23:39:10 [notice] 30#30: gracefully shutting down
2025/05/04 23:39:10 [notice] 29#29: gracefully shutting down
2025/05/04 23:39:10 [notice] 31#31: gracefully shutting down
2025/05/04 23:39:10 [notice] 32#32: gracefully shutting down
2025/05/04 23:39:10 [notice] 21#21: exiting
2025/05/04 23:39:10 [notice] 23#23: exiting
2025/05/04 23:39:10 [notice] 22#22: exiting
2025/05/04 23:39:10 [notice] 24#24: exiting
2025/05/04 23:39:10 [notice] 25#25: exiting
2025/05/04 23:39:10 [notice] 26#26: exiting
2025/05/04 23:39:10 [notice] 27#27: exiting
2025/05/04 23:39:10 [notice] 28#28: exiting
2025/05/04 23:39:10 [notice] 30#30: exiting
2025/05/04 23:39:10 [notice] 29#29: exiting
2025/05/04 23:39:10 [notice] 31#31: exiting
2025/05/04 23:39:10 [notice] 32#32: exiting
2025/05/04 23:39:10 [notice] 21#21: exit
2025/05/04 23:39:10 [notice] 23#23: exit
2025/05/04 23:39:10 [notice] 22#22: exit
2025/05/04 23:39:10 [notice] 24#24: exit
2025/05/04 23:39:10 [notice] 25#25: exit
2025/05/04 23:39:10 [notice] 26#26: exit
2025/05/04 23:39:10 [notice] 27#27: exit
2025/05/04 23:39:10 [notice] 28#28: exit
2025/05/04 23:39:10 [notice] 30#30: exit
2025/05/04 23:39:10 [notice] 29#29: exit
2025/05/04 23:39:10 [notice] 31#31: exit
2025/05/04 23:39:10 [notice] 32#32: exit
2025/05/04 23:39:10 [notice] 1#1: signal 17 (SIGCHLD) received from 25
2025/05/04 23:39:10 [notice] 1#1: worker process 25 exited with code 0
2025/05/04 23:39:10 [notice] 1#1: signal 29 (SIGIO) received
2025/05/04 23:39:10 [notice] 1#1: signal 17 (SIGCHLD) received from 30
2025/05/04 23:39:10 [notice] 1#1: worker process 21 exited with code 0
2025/05/04 23:39:10 [notice] 1#1: worker process 22 exited with code 0
2025/05/04 23:39:10 [notice] 1#1: worker process 23 exited with code 0
2025/05/04 23:39:10 [notice] 1#1: worker process 24 exited with code 0
2025/05/04 23:39:10 [notice] 1#1: worker process 26 exited with code 0
2025/05/04 23:39:10 [notice] 1#1: worker process 27 exited with code 0
2025/05/04 23:39:10 [notice] 1#1: worker process 28 exited with code 0
2025/05/04 23:39:10 [notice] 1#1: worker process 29 exited with code 0
2025/05/04 23:39:10 [notice] 1#1: worker process 30 exited with code 0
2025/05/04 23:39:10 [notice] 1#1: worker process 31 exited with code 0
2025/05/04 23:39:10 [notice] 1#1: worker process 32 exited with code 0
2025/05/04 23:39:10 [notice] 1#1: exit
2025/05/04 23:46:38 [notice] 1#1: using the "epoll" event method
2025/05/04 23:46:38 [notice] 1#1: nginx/1.27.5
2025/05/04 23:46:38 [notice] 1#1: built by gcc 12.2.0 (Debian 12.2.0-14) 
2025/05/04 23:46:38 [notice] 1#1: OS: Linux 5.15.153.1-microsoft-standard-WSL2
2025/05/04 23:46:38 [notice] 1#1: getrlimit(RLIMIT_NOFILE): 1048576:1048576
2025/05/04 23:46:38 [notice] 1#1: start worker processes
2025/05/04 23:46:38 [notice] 1#1: start worker process 21
2025/05/04 23:46:38 [notice] 1#1: start worker process 22
2025/05/04 23:46:38 [notice] 1#1: start worker process 23
2025/05/04 23:46:38 [notice] 1#1: start worker process 24
2025/05/04 23:46:38 [notice] 1#1: start worker process 25
2025/05/04 23:46:38 [notice] 1#1: start worker process 26
2025/05/04 23:46:38 [notice] 1#1: start worker process 27
2025/05/04 23:46:38 [notice] 1#1: start worker process 28
2025/05/04 23:46:38 [notice] 1#1: start worker process 29
2025/05/04 23:46:38 [notice] 1#1: start worker process 30
2025/05/04 23:46:38 [notice] 1#1: start worker process 31
2025/05/04 23:46:38 [notice] 1#1: start worker process 32
2025/05/04 23:46:43 [notice] 1#1: signal 3 (SIGQUIT) received, shutting down
2025/05/04 23:46:43 [notice] 21#21: gracefully shutting down
2025/05/04 23:46:43 [notice] 31#31: gracefully shutting down
2025/05/04 23:46:43 [notice] 22#22: gracefully shutting down
2025/05/04 23:46:43 [notice] 22#22: exiting
2025/05/04 23:46:43 [notice] 23#23: gracefully shutting down
2025/05/04 23:46:43 [notice] 24#24: gracefully shutting down
2025/05/04 23:46:43 [notice] 25#25: gracefully shutting down
2025/05/04 23:46:43 [notice] 27#27: gracefully shutting down
2025/05/04 23:46:43 [notice] 28#28: gracefully shutting down
2025/05/04 23:46:43 [notice] 29#29: gracefully shutting down
2025/05/04 23:46:43 [notice] 26#26: gracefully shutting down
2025/05/04 23:46:43 [notice] 32#32: gracefully shutting down
2025/05/04 23:46:43 [notice] 30#30: gracefully shutting down
2025/05/04 23:46:43 [notice] 21#21: exiting
2025/05/04 23:46:43 [notice] 31#31: exiting
2025/05/04 23:46:43 [notice] 22#22: exit
2025/05/04 23:46:43 [notice] 23#23: exiting
2025/05/04 23:46:43 [notice] 24#24: exiting
2025/05/04 23:46:43 [notice] 25#25: exiting
2025/05/04 23:46:43 [notice] 27#27: exiting
2025/05/04 23:46:43 [notice] 28#28: exiting
2025/05/04 23:46:43 [notice] 29#29: exiting
2025/05/04 23:46:43 [notice] 26#26: exiting
2025/05/04 23:46:43 [notice] 32#32: exiting
2025/05/04 23:46:43 [notice] 30#30: exiting
2025/05/04 23:46:43 [notice] 21#21: exit
2025/05/04 23:46:43 [notice] 31#31: exit
2025/05/04 23:46:43 [notice] 23#23: exit
2025/05/04 23:46:43 [notice] 24#24: exit
2025/05/04 23:46:43 [notice] 25#25: exit
2025/05/04 23:46:43 [notice] 27#27: exit
2025/05/04 23:46:43 [notice] 28#28: exit
2025/05/04 23:46:43 [notice] 29#29: exit
2025/05/04 23:46:43 [notice] 26#26: exit
2025/05/04 23:46:43 [notice] 32#32: exit
2025/05/04 23:46:43 [notice] 30#30: exit
2025/05/04 23:46:43 [notice] 1#1: signal 17 (SIGCHLD) received from 31
2025/05/04 23:46:43 [notice] 1#1: worker process 21 exited with code 0
2025/05/04 23:46:43 [notice] 1#1: worker process 22 exited with code 0
2025/05/04 23:46:43 [notice] 1#1: worker process 24 exited with code 0
2025/05/04 23:46:43 [notice] 1#1: worker process 26 exited with code 0
2025/05/04 23:46:43 [notice] 1#1: worker process 27 exited with code 0
2025/05/04 23:46:43 [notice] 1#1: worker process 31 exited with code 0
2025/05/04 23:46:43 [notice] 1#1: signal 29 (SIGIO) received
2025/05/04 23:46:43 [notice] 1#1: signal 17 (SIGCHLD) received from 28
2025/05/04 23:46:43 [notice] 1#1: worker process 23 exited with code 0
2025/05/04 23:46:43 [notice] 1#1: worker process 28 exited with code 0
2025/05/04 23:46:43 [notice] 1#1: signal 29 (SIGIO) received
2025/05/04 23:46:43 [notice] 1#1: signal 17 (SIGCHLD) received from 32
2025/05/04 23:46:43 [notice] 1#1: worker process 29 exited with code 0
2025/05/04 23:46:43 [notice] 1#1: worker process 25 exited with code 0
2025/05/04 23:46:43 [notice] 1#1: worker process 30 exited with code 0
2025/05/04 23:46:43 [notice] 1#1: worker process 32 exited with code 0
2025/05/04 23:46:43 [notice] 1#1: exit
2025/05/04 23:47:49 [notice] 1#1: using the "epoll" event method
2025/05/04 23:47:49 [notice] 1#1: nginx/1.27.5
2025/05/04 23:47:49 [notice] 1#1: built by gcc 12.2.0 (Debian 12.2.0-14) 
2025/05/04 23:47:49 [notice] 1#1: OS: Linux 5.15.153.1-microsoft-standard-WSL2
2025/05/04 23:47:49 [notice] 1#1: getrlimit(RLIMIT_NOFILE): 1048576:1048576
2025/05/04 23:47:49 [notice] 1#1: start worker processes
2025/05/04 23:47:49 [notice] 1#1: start worker process 21
2025/05/04 23:47:49 [notice] 1#1: start worker process 22
2025/05/04 23:47:49 [notice] 1#1: start worker process 23
2025/05/04 23:47:49 [notice] 1#1: start worker process 24
2025/05/04 23:47:49 [notice] 1#1: start worker process 25
2025/05/04 23:47:49 [notice] 1#1: start worker process 26
2025/05/04 23:47:49 [notice] 1#1: start worker process 27
2025/05/04 23:47:49 [notice] 1#1: start worker process 28
2025/05/04 23:47:49 [notice] 1#1: start worker process 29
2025/05/04 23:47:49 [notice] 1#1: start worker process 30
2025/05/04 23:47:49 [notice] 1#1: start worker process 31
2025/05/04 23:47:49 [notice] 1#1: start worker process 32
2025/05/04 23:49:00 [notice] 1#1: signal 3 (SIGQUIT) received, shutting down
2025/05/04 23:49:00 [notice] 21#21: gracefully shutting down
2025/05/04 23:49:00 [notice] 32#32: gracefully shutting down
2025/05/04 23:49:00 [notice] 22#22: gracefully shutting down
2025/05/04 23:49:00 [notice] 23#23: gracefully shutting down
2025/05/04 23:49:00 [notice] 24#24: gracefully shutting down
2025/05/04 23:49:00 [notice] 25#25: gracefully shutting down
2025/05/04 23:49:00 [notice] 26#26: gracefully shutting down
2025/05/04 23:49:00 [notice] 27#27: gracefully shutting down
2025/05/04 23:49:00 [notice] 28#28: gracefully shutting down
2025/05/04 23:49:00 [notice] 29#29: gracefully shutting down
2025/05/04 23:49:00 [notice] 30#30: gracefully shutting down
2025/05/04 23:49:00 [notice] 30#30: exiting
2025/05/04 23:49:00 [notice] 31#31: gracefully shutting down
2025/05/04 23:49:00 [notice] 21#21: exiting
2025/05/04 23:49:00 [notice] 32#32: exiting
2025/05/04 23:49:00 [notice] 22#22: exiting
2025/05/04 23:49:00 [notice] 23#23: exiting
2025/05/04 23:49:00 [notice] 24#24: exiting
2025/05/04 23:49:00 [notice] 25#25: exiting
2025/05/04 23:49:00 [notice] 26#26: exiting
2025/05/04 23:49:00 [notice] 27#27: exiting
2025/05/04 23:49:00 [notice] 28#28: exiting
2025/05/04 23:49:00 [notice] 29#29: exiting
2025/05/04 23:49:00 [notice] 30#30: exit
2025/05/04 23:49:00 [notice] 31#31: exiting
2025/05/04 23:49:00 [notice] 21#21: exit
2025/05/04 23:49:00 [notice] 32#32: exit
2025/05/04 23:49:00 [notice] 22#22: exit
2025/05/04 23:49:00 [notice] 23#23: exit
2025/05/04 23:49:00 [notice] 24#24: exit
2025/05/04 23:49:00 [notice] 25#25: exit
2025/05/04 23:49:00 [notice] 26#26: exit
2025/05/04 23:49:00 [notice] 27#27: exit
2025/05/04 23:49:00 [notice] 28#28: exit
2025/05/04 23:49:00 [notice] 29#29: exit
2025/05/04 23:49:00 [notice] 31#31: exit
2025/05/04 23:49:00 [notice] 1#1: signal 17 (SIGCHLD) received from 30
2025/05/04 23:49:00 [notice] 1#1: worker process 21 exited with code 0
2025/05/04 23:49:00 [notice] 1#1: worker process 22 exited with code 0
2025/05/04 23:49:00 [notice] 1#1: worker process 24 exited with code 0
2025/05/04 23:49:00 [notice] 1#1: worker process 25 exited with code 0
2025/05/04 23:49:00 [notice] 1#1: worker process 26 exited with code 0
2025/05/04 23:49:00 [notice] 1#1: worker process 27 exited with code 0
2025/05/04 23:49:00 [notice] 1#1: worker process 30 exited with code 0
2025/05/04 23:49:00 [notice] 1#1: worker process 31 exited with code 0
2025/05/04 23:49:00 [notice] 1#1: signal 29 (SIGIO) received
2025/05/04 23:49:00 [notice] 1#1: signal 17 (SIGCHLD) received from 25
2025/05/04 23:49:00 [notice] 1#1: signal 17 (SIGCHLD) received from 29
2025/05/04 23:49:00 [notice] 1#1: worker process 23 exited with code 0
2025/05/04 23:49:00 [notice] 1#1: worker process 29 exited with code 0
2025/05/04 23:49:00 [notice] 1#1: signal 29 (SIGIO) received
2025/05/04 23:49:00 [notice] 1#1: signal 17 (SIGCHLD) received from 32
2025/05/04 23:49:00 [notice] 1#1: worker process 28 exited with code 0
2025/05/04 23:49:00 [notice] 1#1: worker process 32 exited with code 0
2025/05/04 23:49:00 [notice] 1#1: exit
2025/05/05 00:01:13 [notice] 1#1: using the "epoll" event method
2025/05/05 00:01:13 [notice] 1#1: nginx/1.27.5
2025/05/05 00:01:13 [notice] 1#1: built by gcc 12.2.0 (Debian 12.2.0-14) 
2025/05/05 00:01:13 [notice] 1#1: OS: Linux 5.15.153.1-microsoft-standard-WSL2
2025/05/05 00:01:13 [notice] 1#1: getrlimit(RLIMIT_NOFILE): 1048576:1048576
2025/05/05 00:01:13 [notice] 1#1: start worker processes
2025/05/05 00:01:13 [notice] 1#1: start worker process 21
2025/05/05 00:01:13 [notice] 1#1: start worker process 22
2025/05/05 00:01:13 [notice] 1#1: start worker process 23
2025/05/05 00:01:13 [notice] 1#1: start worker process 24
2025/05/05 00:01:13 [notice] 1#1: start worker process 25
2025/05/05 00:01:13 [notice] 1#1: start worker process 26
2025/05/05 00:01:13 [notice] 1#1: start worker process 27
2025/05/05 00:01:13 [notice] 1#1: start worker process 28
2025/05/05 00:01:13 [notice] 1#1: start worker process 29
2025/05/05 00:01:13 [notice] 1#1: start worker process 30
2025/05/05 00:01:13 [notice] 1#1: start worker process 31
2025/05/05 00:01:13 [notice] 1#1: start worker process 32
2025/05/05 00:01:16 [notice] 1#1: signal 3 (SIGQUIT) received, shutting down
2025/05/05 00:01:16 [notice] 21#21: gracefully shutting down
2025/05/05 00:01:16 [notice] 22#22: gracefully shutting down
2025/05/05 00:01:16 [notice] 23#23: gracefully shutting down
2025/05/05 00:01:16 [notice] 24#24: gracefully shutting down
2025/05/05 00:01:16 [notice] 26#26: gracefully shutting down
2025/05/05 00:01:16 [notice] 25#25: gracefully shutting down
2025/05/05 00:01:16 [notice] 27#27: gracefully shutting down
2025/05/05 00:01:16 [notice] 28#28: gracefully shutting down
2025/05/05 00:01:16 [notice] 29#29: gracefully shutting down
2025/05/05 00:01:16 [notice] 30#30: gracefully shutting down
2025/05/05 00:01:16 [notice] 31#31: gracefully shutting down
2025/05/05 00:01:16 [notice] 32#32: gracefully shutting down
2025/05/05 00:01:16 [notice] 21#21: exiting
2025/05/05 00:01:16 [notice] 22#22: exiting
2025/05/05 00:01:16 [notice] 23#23: exiting
2025/05/05 00:01:16 [notice] 24#24: exiting
2025/05/05 00:01:16 [notice] 26#26: exiting
2025/05/05 00:01:16 [notice] 25#25: exiting
2025/05/05 00:01:16 [notice] 27#27: exiting
2025/05/05 00:01:16 [notice] 28#28: exiting
2025/05/05 00:01:16 [notice] 29#29: exiting
2025/05/05 00:01:16 [notice] 30#30: exiting
2025/05/05 00:01:16 [notice] 31#31: exiting
2025/05/05 00:01:16 [notice] 32#32: exiting
2025/05/05 00:01:16 [notice] 21#21: exit
2025/05/05 00:01:16 [notice] 22#22: exit
2025/05/05 00:01:16 [notice] 23#23: exit
2025/05/05 00:01:16 [notice] 24#24: exit
2025/05/05 00:01:16 [notice] 26#26: exit
2025/05/05 00:01:16 [notice] 25#25: exit
2025/05/05 00:01:16 [notice] 27#27: exit
2025/05/05 00:01:16 [notice] 28#28: exit
2025/05/05 00:01:16 [notice] 29#29: exit
2025/05/05 00:01:16 [notice] 30#30: exit
2025/05/05 00:01:16 [notice] 31#31: exit
2025/05/05 00:01:16 [notice] 32#32: exit
2025/05/05 00:01:16 [notice] 1#1: signal 17 (SIGCHLD) received from 21
2025/05/05 00:01:16 [notice] 1#1: worker process 21 exited with code 0
2025/05/05 00:01:16 [notice] 1#1: worker process 22 exited with code 0
2025/05/05 00:01:16 [notice] 1#1: signal 29 (SIGIO) received
2025/05/05 00:01:16 [notice] 1#1: signal 17 (SIGCHLD) received from 32
2025/05/05 00:01:16 [notice] 1#1: worker process 23 exited with code 0
2025/05/05 00:01:16 [notice] 1#1: worker process 24 exited with code 0
2025/05/05 00:01:16 [notice] 1#1: worker process 25 exited with code 0
2025/05/05 00:01:16 [notice] 1#1: worker process 26 exited with code 0
2025/05/05 00:01:16 [notice] 1#1: worker process 27 exited with code 0
2025/05/05 00:01:16 [notice] 1#1: worker process 28 exited with code 0
2025/05/05 00:01:16 [notice] 1#1: worker process 30 exited with code 0
2025/05/05 00:01:16 [notice] 1#1: worker process 31 exited with code 0
2025/05/05 00:01:16 [notice] 1#1: worker process 32 exited with code 0
2025/05/05 00:01:16 [notice] 1#1: signal 29 (SIGIO) received
2025/05/05 00:01:16 [notice] 1#1: signal 17 (SIGCHLD) received from 31
2025/05/05 00:01:16 [notice] 1#1: signal 17 (SIGCHLD) received from 29
2025/05/05 00:01:16 [notice] 1#1: worker process 29 exited with code 0
2025/05/05 00:01:16 [notice] 1#1: exit
2025/05/05 00:03:32 [notice] 1#1: using the "epoll" event method
2025/05/05 00:03:32 [notice] 1#1: nginx/1.27.5
2025/05/05 00:03:32 [notice] 1#1: built by gcc 12.2.0 (Debian 12.2.0-14) 
2025/05/05 00:03:32 [notice] 1#1: OS: Linux 5.15.153.1-microsoft-standard-WSL2
2025/05/05 00:03:32 [notice] 1#1: getrlimit(RLIMIT_NOFILE): 1048576:1048576
2025/05/05 00:03:32 [notice] 1#1: start worker processes
2025/05/05 00:03:32 [notice] 1#1: start worker process 21
2025/05/05 00:03:32 [notice] 1#1: start worker process 22
2025/05/05 00:03:32 [notice] 1#1: start worker process 23
2025/05/05 00:03:32 [notice] 1#1: start worker process 24
2025/05/05 00:03:32 [notice] 1#1: start worker process 25
2025/05/05 00:03:32 [notice] 1#1: start worker process 26
2025/05/05 00:03:32 [notice] 1#1: start worker process 27
2025/05/05 00:03:32 [notice] 1#1: start worker process 28
2025/05/05 00:03:32 [notice] 1#1: start worker process 29
2025/05/05 00:03:32 [notice] 1#1: start worker process 30
2025/05/05 00:03:32 [notice] 1#1: start worker process 31
2025/05/05 00:03:32 [notice] 1#1: start worker process 32
2025/05/05 00:03:35 [notice] 1#1: signal 3 (SIGQUIT) received, shutting down
2025/05/05 00:03:35 [notice] 21#21: gracefully shutting down
2025/05/05 00:03:35 [notice] 22#22: gracefully shutting down
2025/05/05 00:03:35 [notice] 26#26: gracefully shutting down
2025/05/05 00:03:35 [notice] 23#23: gracefully shutting down
2025/05/05 00:03:35 [notice] 25#25: gracefully shutting down
2025/05/05 00:03:35 [notice] 24#24: gracefully shutting down
2025/05/05 00:03:35 [notice] 28#28: gracefully shutting down
2025/05/05 00:03:35 [notice] 29#29: gracefully shutting down
2025/05/05 00:03:35 [notice] 27#27: gracefully shutting down
2025/05/05 00:03:35 [notice] 30#30: gracefully shutting down
2025/05/05 00:03:35 [notice] 31#31: gracefully shutting down
2025/05/05 00:03:35 [notice] 31#31: exiting
2025/05/05 00:03:35 [notice] 32#32: gracefully shutting down
2025/05/05 00:03:35 [notice] 21#21: exiting
2025/05/05 00:03:35 [notice] 22#22: exiting
2025/05/05 00:03:35 [notice] 26#26: exiting
2025/05/05 00:03:35 [notice] 23#23: exiting
2025/05/05 00:03:35 [notice] 25#25: exiting
2025/05/05 00:03:35 [notice] 24#24: exiting
2025/05/05 00:03:35 [notice] 28#28: exiting
2025/05/05 00:03:35 [notice] 29#29: exiting
2025/05/05 00:03:35 [notice] 27#27: exiting
2025/05/05 00:03:35 [notice] 30#30: exiting
2025/05/05 00:03:35 [notice] 31#31: exit
2025/05/05 00:03:35 [notice] 32#32: exiting
2025/05/05 00:03:35 [notice] 21#21: exit
2025/05/05 00:03:35 [notice] 22#22: exit
2025/05/05 00:03:35 [notice] 26#26: exit
2025/05/05 00:03:35 [notice] 23#23: exit
2025/05/05 00:03:35 [notice] 25#25: exit
2025/05/05 00:03:35 [notice] 24#24: exit
2025/05/05 00:03:35 [notice] 28#28: exit
2025/05/05 00:03:35 [notice] 29#29: exit
2025/05/05 00:03:35 [notice] 27#27: exit
2025/05/05 00:03:35 [notice] 30#30: exit
2025/05/05 00:03:35 [notice] 32#32: exit
2025/05/05 00:03:35 [notice] 1#1: signal 17 (SIGCHLD) received from 29
2025/05/05 00:03:35 [notice] 1#1: worker process 21 exited with code 0
2025/05/05 00:03:35 [notice] 1#1: worker process 22 exited with code 0
2025/05/05 00:03:35 [notice] 1#1: worker process 24 exited with code 0
2025/05/05 00:03:35 [notice] 1#1: worker process 26 exited with code 0
2025/05/05 00:03:35 [notice] 1#1: worker process 28 exited with code 0
2025/05/05 00:03:35 [notice] 1#1: worker process 29 exited with code 0
2025/05/05 00:03:35 [notice] 1#1: worker process 30 exited with code 0
2025/05/05 00:03:35 [notice] 1#1: signal 29 (SIGIO) received
2025/05/05 00:03:35 [notice] 1#1: signal 17 (SIGCHLD) received from 23
2025/05/05 00:03:35 [notice] 1#1: worker process 23 exited with code 0
2025/05/05 00:03:35 [notice] 1#1: worker process 27 exited with code 0
2025/05/05 00:03:35 [notice] 1#1: worker process 31 exited with code 0
2025/05/05 00:03:35 [notice] 1#1: signal 29 (SIGIO) received
2025/05/05 00:03:35 [notice] 1#1: signal 17 (SIGCHLD) received from 32
2025/05/05 00:03:35 [notice] 1#1: worker process 32 exited with code 0
2025/05/05 00:03:35 [notice] 1#1: signal 29 (SIGIO) received
2025/05/05 00:03:35 [notice] 1#1: signal 17 (SIGCHLD) received from 25
2025/05/05 00:03:35 [notice] 1#1: worker process 25 exited with code 0
2025/05/05 00:03:35 [notice] 1#1: exit
